<?xml version="1.0" encoding="UTF-8"?>
<!-- Generated by org.testng.reporters.JUnitReportReporter -->
<testsuite hostname="DESKTOP-T1VS9JI" failures="0" tests="1" name="company.ExtentReportTest" time="2.399" errors="0" timestamp="2023-04-27T18:56:31 EEST" skipped="0">
  <testcase classname="company.ExtentReportTest" name="initialDemo" time="2.399"/>
  <system-out/>
</testsuite> <!-- company.ExtentReportTest -->
